# JRE version: 7.0_04-b22
# Java VM: Java HotSpot(TM) 64-Bit Server VM (23.0-b21 mixed mode windows-amd64 compressed oops)
Heap
 PSYoungGen      total 55808K, used 23900K [0x00000000eaab0000, 0x00000000f4e70000, 0x0000000000000000)
  eden space 50496K, 36% used [0x00000000eaab0000,0x00000000ebcdc6f8,0x00000000edc00000)
  from space 5312K, 99% used [0x00000000eeee0000,0x00000000ef40a908,0x00000000ef410000)
  to   space 19328K, 0% used [0x00000000edc00000,0x00000000edc00000,0x00000000eeee0000)
 ParOldGen       total 85760K, used 35188K [0x00000000c0000000, 0x00000000c53c0000, 0x00000000eaab0000)
  object space 85760K, 41% used [0x00000000c0000000,0x00000000c225d038,0x00000000c53c0000)
 PSPermGen       total 21248K, used 6145K [0x00000000bae00000, 0x00000000bc2c0000, 0x00000000c0000000)
  object space 21248K, 28% used [0x00000000bae00000,0x00000000bb400648,0x00000000bc2c0000)
GC Heap History (10 events):
Event: 4.532 GC heap before
{Heap before GC invocations=2 (full 0):
 PSYoungGen      total 37568K, used 37547K [0x00000000eaab0000, 0x00000000ed490000, 0x0000000000000000)
  eden space 32256K, 100% used [0x00000000eaab0000,0x00000000eca30000,0x00000000eca30000)
  from space 5312K, 99% used [0x00000000eca30000,0x00000000ecf5af38,0x00000000ecf60000)
  to   space 5312K, 0% used [0x00000000ecf60000,0x00000000ecf60000,0x00000000ed490000)
 ParOldGen       total 85760K, used 139K [0x00000000c0000000, 0x00000000c53c0000, 0x00000000eaab0000)
  object space 85760K, 0% used [0x00000000c0000000,0x00000000c0022e48,0x00000000c53c0000)
 PSPermGen       total 21248K, used 6012K [0x00000000bae00000, 0x00000000bc2c0000, 0x00000000c0000000)
  object space 21248K, 28% used [0x00000000bae00000,0x00000000bb3df110,0x00000000bc2c0000)
Event: 4.547 GC heap after
Heap after GC invocations=2 (full 0):
 PSYoungGen      total 37568K, used 5299K [0x00000000eaab0000, 0x00000000ef410000, 0x0000000000000000)
  eden space 32256K, 0% used [0x00000000eaab0000,0x00000000eaab0000,0x00000000eca30000)
  from space 5312K, 99% used [0x00000000ecf60000,0x00000000ed48cd28,0x00000000ed490000)
  to   space 5312K, 0% used [0x00000000eca30000,0x00000000eca30000,0x00000000ecf60000)
 ParOldGen       total 85760K, used 3418K [0x00000000c0000000, 0x00000000c53c0000, 0x00000000eaab0000)
  object space 85760K, 3% used [0x00000000c0000000,0x00000000c0356b38,0x00000000c53c0000)
 PSPermGen       total 21248K, used 6012K [0x00000000bae00000, 0x00000000bc2c0000, 0x00000000c0000000)
  object space 21248K, 28% used [0x00000000bae00000,0x00000000bb3df110,0x00000000bc2c0000)
}
Event: 5.231 GC heap before
{Heap before GC invocations=3 (full 0):
 PSYoungGen      total 37568K, used 37555K [0x00000000eaab0000, 0x00000000ef410000, 0x0000000000000000)
  eden space 32256K, 100% used [0x00000000eaab0000,0x00000000eca30000,0x00000000eca30000)
  from space 5312K, 99% used [0x00000000ecf60000,0x00000000ed48cd28,0x00000000ed490000)
  to   space 5312K, 0% used [0x00000000eca30000,0x00000000eca30000,0x00000000ecf60000)
 ParOldGen       total 85760K, used 3418K [0x00000000c0000000, 0x00000000c53c0000, 0x00000000eaab0000)
  object space 85760K, 3% used [0x00000000c0000000,0x00000000c0356b38,0x00000000c53c0000)
 PSPermGen       total 21248K, used 6054K [0x00000000bae00000, 0x00000000bc2c0000, 0x00000000c0000000)
  object space 21248K, 28% used [0x00000000bae00000,0x00000000bb3e9980,0x00000000bc2c0000)
Event: 5.249 GC heap after
Heap after GC invocations=3 (full 0):
 PSYoungGen      total 37568K, used 5289K [0x00000000eaab0000, 0x00000000ef410000, 0x0000000000000000)
  eden space 32256K, 0% used [0x00000000eaab0000,0x00000000eaab0000,0x00000000eca30000)
  from space 5312K, 99% used [0x00000000eca30000,0x00000000ecf5a648,0x00000000ecf60000)
  to   space 5312K, 0% used [0x00000000eeee0000,0x00000000eeee0000,0x00000000ef410000)
 ParOldGen       total 85760K, used 8518K [0x00000000c0000000, 0x00000000c53c0000, 0x00000000eaab0000)
  object space 85760K, 9% used [0x00000000c0000000,0x00000000c0851aa8,0x00000000c53c0000)
 PSPermGen       total 21248K, used 6054K [0x00000000bae00000, 0x00000000bc2c0000, 0x00000000c0000000)
  object space 21248K, 28% used [0x00000000bae00000,0x00000000bb3e9980,0x00000000bc2c0000)
}
Event: 5.956 GC heap before
{Heap before GC invocations=4 (full 0):
 PSYoungGen      total 37568K, used 37545K [0x00000000eaab0000, 0x00000000ef410000, 0x0000000000000000)
  eden space 32256K, 100% used [0x00000000eaab0000,0x00000000eca30000,0x00000000eca30000)
  from space 5312K, 99% used [0x00000000eca30000,0x00000000ecf5a648,0x00000000ecf60000)
  to   space 5312K, 0% used [0x00000000eeee0000,0x00000000eeee0000,0x00000000ef410000)
 ParOldGen       total 85760K, used 8518K [0x00000000c0000000, 0x00000000c53c0000, 0x00000000eaab0000)
  object space 85760K, 9% used [0x00000000c0000000,0x00000000c0851aa8,0x00000000c53c0000)
 PSPermGen       total 21248K, used 6073K [0x00000000bae00000, 0x00000000bc2c0000, 0x00000000c0000000)
  object space 21248K, 28% used [0x00000000bae00000,0x00000000bb3ee488,0x00000000bc2c0000)
Event: 5.982 GC heap after
Heap after GC invocations=4 (full 0):
 PSYoungGen      total 69824K, used 5289K [0x00000000eaab0000, 0x00000000ef410000, 0x0000000000000000)
  eden space 64512K, 0% used [0x00000000eaab0000,0x00000000eaab0000,0x00000000ee9b0000)
  from space 5312K, 99% used [0x00000000eeee0000,0x00000000ef40a738,0x00000000ef410000)
  to   space 5312K, 0% used [0x00000000ee9b0000,0x00000000ee9b0000,0x00000000eeee0000)
 ParOldGen       total 85760K, used 13740K [0x00000000c0000000, 0x00000000c53c0000, 0x00000000eaab0000)
  object space 85760K, 16% used [0x00000000c0000000,0x00000000c0d6b0a8,0x00000000c53c0000)
 PSPermGen       total 21248K, used 6073K [0x00000000bae00000, 0x00000000bc2c0000, 0x00000000c0000000)
  object space 21248K, 28% used [0x00000000bae00000,0x00000000bb3ee488,0x00000000bc2c0000)
}
Event: 6.849 GC heap before
{Heap before GC invocations=5 (full 0):
 PSYoungGen      total 69824K, used 69801K [0x00000000eaab0000, 0x00000000ef410000, 0x0000000000000000)
  eden space 64512K, 100% used [0x00000000eaab0000,0x00000000ee9b0000,0x00000000ee9b0000)
  from space 5312K, 99% used [0x00000000eeee0000,0x00000000ef40a738,0x00000000ef410000)
  to   space 5312K, 0% used [0x00000000ee9b0000,0x00000000ee9b0000,0x00000000eeee0000)
 ParOldGen       total 85760K, used 13740K [0x00000000c0000000, 0x00000000c53c0000, 0x00000000eaab0000)
  object space 85760K, 16% used [0x00000000c0000000,0x00000000c0d6b0a8,0x00000000c53c0000)
 PSPermGen       total 21248K, used 6118K [0x00000000bae00000, 0x00000000bc2c0000, 0x00000000c0000000)
  object space 21248K, 28% used [0x00000000bae00000,0x00000000bb3f9a00,0x00000000bc2c0000)
Event: 6.887 GC heap after
Heap after GC invocations=5 (full 0):
 PSYoungGen      total 69824K, used 5305K [0x00000000eaab0000, 0x00000000ef410000, 0x0000000000000000)
  eden space 64512K, 0% used [0x00000000eaab0000,0x00000000eaab0000,0x00000000ee9b0000)
  from space 5312K, 99% used [0x00000000ee9b0000,0x00000000eeede728,0x00000000eeee0000)
  to   space 5312K, 0% used [0x00000000eeee0000,0x00000000eeee0000,0x00000000ef410000)
 ParOldGen       total 85760K, used 24011K [0x00000000c0000000, 0x00000000c53c0000, 0x00000000eaab0000)
  object space 85760K, 27% used [0x00000000c0000000,0x00000000c1772f10,0x00000000c53c0000)
 PSPermGen       total 21248K, used 6118K [0x00000000bae00000, 0x00000000bc2c0000, 0x00000000c0000000)
  object space 21248K, 28% used [0x00000000bae00000,0x00000000bb3f9a00,0x00000000bc2c0000)
}
Event: 7.541 GC heap before
{Heap before GC invocations=6 (full 0):
 PSYoungGen      total 69824K, used 69817K [0x00000000eaab0000, 0x00000000ef410000, 0x0000000000000000)
  eden space 64512K, 100% used [0x00000000eaab0000,0x00000000ee9b0000,0x00000000ee9b0000)
  from space 5312K, 99% used [0x00000000ee9b0000,0x00000000eeede728,0x00000000eeee0000)
  to   space 5312K, 0% used [0x00000000eeee0000,0x00000000eeee0000,0x00000000ef410000)
 ParOldGen       total 85760K, used 24011K [0x00000000c0000000, 0x00000000c53c0000, 0x00000000eaab0000)
  object space 85760K, 27% used [0x00000000c0000000,0x00000000c1772f10,0x00000000c53c0000)
 PSPermGen       total 21248K, used 6137K [0x00000000bae00000, 0x00000000bc2c0000, 0x00000000c0000000)
  object space 21248K, 28% used [0x00000000bae00000,0x00000000bb3fe740,0x00000000bc2c0000)
Event: 7.575 GC heap after
Heap after GC invocations=6 (full 0):
 PSYoungGen      total 55808K, used 5290K [0x00000000eaab0000, 0x00000000f4e70000, 0x0000000000000000)
  eden space 50496K, 0% used [0x00000000eaab0000,0x00000000eaab0000,0x00000000edc00000)
  from space 5312K, 99% used [0x00000000eeee0000,0x00000000ef40a908,0x00000000ef410000)
  to   space 19328K, 0% used [0x00000000edc00000,0x00000000edc00000,0x00000000eeee0000)
 ParOldGen       total 85760K, used 35188K [0x00000000c0000000, 0x00000000c53c0000, 0x00000000eaab0000)
  object space 85760K, 41% used [0x00000000c0000000,0x00000000c225d038,0x00000000c53c0000)
 PSPermGen       total 21248K, used 6137K [0x00000000bae00000, 0x00000000bc2c0000, 0x00000000c0000000)
  object space 21248K, 28% used [0x00000000bae00000,0x00000000bb3fe740,0x00000000bc2c0000)
}

