# JRE version: 7.0_04-b22
# Java VM: Java HotSpot(TM) 64-Bit Server VM (23.0-b21 mixed mode windows-amd64 compressed oops)
Heap
 PSYoungGen      total 157760K, used 103721K [0x00000000eaab0000, 0x00000000fded0000, 0x0000000000000000)
  eden space 129024K, 60% used [0x00000000eaab0000,0x00000000ef6c0ac0,0x00000000f28b0000)
  from space 28736K, 89% used [0x00000000fc2c0000,0x00000000fdbf9a98,0x00000000fded0000)
  to   space 5312K, 0% used [0x00000000f28b0000,0x00000000f28b0000,0x00000000f2de0000)
 ParOldGen       total 85760K, used 44808K [0x00000000c0000000, 0x00000000c53c0000, 0x00000000eaab0000)
  object space 85760K, 52% used [0x00000000c0000000,0x00000000c2bc2288,0x00000000c53c0000)
 PSPermGen       total 21248K, used 6222K [0x00000000bae00000, 0x00000000bc2c0000, 0x00000000c0000000)
  object space 21248K, 29% used [0x00000000bae00000,0x00000000bb413b18,0x00000000bc2c0000)
GC Heap History (10 events):
Event: 6.078 GC heap before
{Heap before GC invocations=2 (full 0):
 PSYoungGen      total 37568K, used 37543K [0x00000000eaab0000, 0x00000000ef410000, 0x0000000000000000)
  eden space 32256K, 100% used [0x00000000eaab0000,0x00000000eca30000,0x00000000eca30000)
  from space 5312K, 99% used [0x00000000eca30000,0x00000000ecf59cf0,0x00000000ecf60000)
  to   space 5312K, 0% used [0x00000000eeee0000,0x00000000eeee0000,0x00000000ef410000)
 ParOldGen       total 85760K, used 16K [0x00000000c0000000, 0x00000000c53c0000, 0x00000000eaab0000)
  object space 85760K, 0% used [0x00000000c0000000,0x00000000c0004000,0x00000000c53c0000)
 PSPermGen       total 21248K, used 5998K [0x00000000bae00000, 0x00000000bc2c0000, 0x00000000c0000000)
  object space 21248K, 28% used [0x00000000bae00000,0x00000000bb3db8a8,0x00000000bc2c0000)
Event: 6.329 GC heap after
Heap after GC invocations=2 (full 0):
 PSYoungGen      total 69824K, used 5287K [0x00000000eaab0000, 0x00000000ef410000, 0x0000000000000000)
  eden space 64512K, 0% used [0x00000000eaab0000,0x00000000eaab0000,0x00000000ee9b0000)
  from space 5312K, 99% used [0x00000000eeee0000,0x00000000ef409f58,0x00000000ef410000)
  to   space 5312K, 0% used [0x00000000ee9b0000,0x00000000ee9b0000,0x00000000eeee0000)
 ParOldGen       total 85760K, used 3331K [0x00000000c0000000, 0x00000000c53c0000, 0x00000000eaab0000)
  object space 85760K, 3% used [0x00000000c0000000,0x00000000c0340fa0,0x00000000c53c0000)
 PSPermGen       total 21248K, used 5998K [0x00000000bae00000, 0x00000000bc2c0000, 0x00000000c0000000)
  object space 21248K, 28% used [0x00000000bae00000,0x00000000bb3db8a8,0x00000000bc2c0000)
}
Event: 8.261 GC heap before
{Heap before GC invocations=3 (full 0):
 PSYoungGen      total 69824K, used 69799K [0x00000000eaab0000, 0x00000000ef410000, 0x0000000000000000)
  eden space 64512K, 100% used [0x00000000eaab0000,0x00000000ee9b0000,0x00000000ee9b0000)
  from space 5312K, 99% used [0x00000000eeee0000,0x00000000ef409f58,0x00000000ef410000)
  to   space 5312K, 0% used [0x00000000ee9b0000,0x00000000ee9b0000,0x00000000eeee0000)
 ParOldGen       total 85760K, used 3331K [0x00000000c0000000, 0x00000000c53c0000, 0x00000000eaab0000)
  object space 85760K, 3% used [0x00000000c0000000,0x00000000c0340fa0,0x00000000c53c0000)
 PSPermGen       total 21248K, used 6064K [0x00000000bae00000, 0x00000000bc2c0000, 0x00000000c0000000)
  object space 21248K, 28% used [0x00000000bae00000,0x00000000bb3ec0d8,0x00000000bc2c0000)
Event: 8.329 GC heap after
Heap after GC invocations=3 (full 0):
 PSYoungGen      total 69824K, used 5285K [0x00000000eaab0000, 0x00000000f3310000, 0x0000000000000000)
  eden space 64512K, 0% used [0x00000000eaab0000,0x00000000eaab0000,0x00000000ee9b0000)
  from space 5312K, 99% used [0x00000000ee9b0000,0x00000000eeed94b8,0x00000000eeee0000)
  to   space 5312K, 0% used [0x00000000f2de0000,0x00000000f2de0000,0x00000000f3310000)
 ParOldGen       total 85760K, used 13106K [0x00000000c0000000, 0x00000000c53c0000, 0x00000000eaab0000)
  object space 85760K, 15% used [0x00000000c0000000,0x00000000c0cccac8,0x00000000c53c0000)
 PSPermGen       total 21248K, used 6064K [0x00000000bae00000, 0x00000000bc2c0000, 0x00000000c0000000)
  object space 21248K, 28% used [0x00000000bae00000,0x00000000bb3ec0d8,0x00000000bc2c0000)
}
Event: 9.025 GC heap before
{Heap before GC invocations=4 (full 0):
 PSYoungGen      total 69824K, used 69797K [0x00000000eaab0000, 0x00000000f3310000, 0x0000000000000000)
  eden space 64512K, 100% used [0x00000000eaab0000,0x00000000ee9b0000,0x00000000ee9b0000)
  from space 5312K, 99% used [0x00000000ee9b0000,0x00000000eeed94b8,0x00000000eeee0000)
  to   space 5312K, 0% used [0x00000000f2de0000,0x00000000f2de0000,0x00000000f3310000)
 ParOldGen       total 85760K, used 13106K [0x00000000c0000000, 0x00000000c53c0000, 0x00000000eaab0000)
  object space 85760K, 15% used [0x00000000c0000000,0x00000000c0cccac8,0x00000000c53c0000)
 PSPermGen       total 21248K, used 6105K [0x00000000bae00000, 0x00000000bc2c0000, 0x00000000c0000000)
  object space 21248K, 28% used [0x00000000bae00000,0x00000000bb3f66a8,0x00000000bc2c0000)
Event: 9.085 GC heap after
Heap after GC invocations=4 (full 0):
 PSYoungGen      total 134336K, used 5285K [0x00000000eaab0000, 0x00000000f3310000, 0x0000000000000000)
  eden space 129024K, 0% used [0x00000000eaab0000,0x00000000eaab0000,0x00000000f28b0000)
  from space 5312K, 99% used [0x00000000f2de0000,0x00000000f33094b8,0x00000000f3310000)
  to   space 5312K, 0% used [0x00000000f28b0000,0x00000000f28b0000,0x00000000f2de0000)
 ParOldGen       total 85760K, used 23000K [0x00000000c0000000, 0x00000000c53c0000, 0x00000000eaab0000)
  object space 85760K, 26% used [0x00000000c0000000,0x00000000c16763f8,0x00000000c53c0000)
 PSPermGen       total 21248K, used 6105K [0x00000000bae00000, 0x00000000bc2c0000, 0x00000000c0000000)
  object space 21248K, 28% used [0x00000000bae00000,0x00000000bb3f66a8,0x00000000bc2c0000)
}
Event: 10.489 GC heap before
{Heap before GC invocations=5 (full 0):
 PSYoungGen      total 134336K, used 134309K [0x00000000eaab0000, 0x00000000f3310000, 0x0000000000000000)
  eden space 129024K, 100% used [0x00000000eaab0000,0x00000000f28b0000,0x00000000f28b0000)
  from space 5312K, 99% used [0x00000000f2de0000,0x00000000f33094b8,0x00000000f3310000)
  to   space 5312K, 0% used [0x00000000f28b0000,0x00000000f28b0000,0x00000000f2de0000)
 ParOldGen       total 85760K, used 23000K [0x00000000c0000000, 0x00000000c53c0000, 0x00000000eaab0000)
  object space 85760K, 26% used [0x00000000c0000000,0x00000000c16763f8,0x00000000c53c0000)
 PSPermGen       total 21248K, used 6159K [0x00000000bae00000, 0x00000000bc2c0000, 0x00000000c0000000)
  object space 21248K, 28% used [0x00000000bae00000,0x00000000bb403e50,0x00000000bc2c0000)
Event: 10.637 GC heap after
Heap after GC invocations=5 (full 0):
 PSYoungGen      total 134336K, used 5294K [0x00000000eaab0000, 0x00000000fded0000, 0x0000000000000000)
  eden space 129024K, 0% used [0x00000000eaab0000,0x00000000eaab0000,0x00000000f28b0000)
  from space 5312K, 99% used [0x00000000f28b0000,0x00000000f2ddbae0,0x00000000f2de0000)
  to   space 28736K, 0% used [0x00000000fc2c0000,0x00000000fc2c0000,0x00000000fded0000)
 ParOldGen       total 85760K, used 44808K [0x00000000c0000000, 0x00000000c53c0000, 0x00000000eaab0000)
  object space 85760K, 52% used [0x00000000c0000000,0x00000000c2bc2288,0x00000000c53c0000)
 PSPermGen       total 21248K, used 6159K [0x00000000bae00000, 0x00000000bc2c0000, 0x00000000c0000000)
  object space 21248K, 28% used [0x00000000bae00000,0x00000000bb403e50,0x00000000bc2c0000)
}
Event: 11.661 GC heap before
{Heap before GC invocations=6 (full 0):
 PSYoungGen      total 134336K, used 134318K [0x00000000eaab0000, 0x00000000fded0000, 0x0000000000000000)
  eden space 129024K, 100% used [0x00000000eaab0000,0x00000000f28b0000,0x00000000f28b0000)
  from space 5312K, 99% used [0x00000000f28b0000,0x00000000f2ddbae0,0x00000000f2de0000)
  to   space 28736K, 0% used [0x00000000fc2c0000,0x00000000fc2c0000,0x00000000fded0000)
 ParOldGen       total 85760K, used 44808K [0x00000000c0000000, 0x00000000c53c0000, 0x00000000eaab0000)
  object space 85760K, 52% used [0x00000000c0000000,0x00000000c2bc2288,0x00000000c53c0000)
 PSPermGen       total 21248K, used 6205K [0x00000000bae00000, 0x00000000bc2c0000, 0x00000000c0000000)
  object space 21248K, 29% used [0x00000000bae00000,0x00000000bb40f558,0x00000000bc2c0000)
Event: 11.781 GC heap after
Heap after GC invocations=6 (full 0):
 PSYoungGen      total 157760K, used 25830K [0x00000000eaab0000, 0x00000000fded0000, 0x0000000000000000)
  eden space 129024K, 0% used [0x00000000eaab0000,0x00000000eaab0000,0x00000000f28b0000)
  from space 28736K, 89% used [0x00000000fc2c0000,0x00000000fdbf9a98,0x00000000fded0000)
  to   space 5312K, 0% used [0x00000000f28b0000,0x00000000f28b0000,0x00000000f2de0000)
 ParOldGen       total 85760K, used 44808K [0x00000000c0000000, 0x00000000c53c0000, 0x00000000eaab0000)
  object space 85760K, 52% used [0x00000000c0000000,0x00000000c2bc2288,0x00000000c53c0000)
 PSPermGen       total 21248K, used 6205K [0x00000000bae00000, 0x00000000bc2c0000, 0x00000000c0000000)
  object space 21248K, 29% used [0x00000000bae00000,0x00000000bb40f558,0x00000000bc2c0000)
}

