# JRE version: 7.0_04-b22
# Java VM: Java HotSpot(TM) 64-Bit Server VM (23.0-b21 mixed mode windows-amd64 compressed oops)
Heap
 PSYoungGen      total 69824K, used 7362K [0x00000000eaab0000, 0x00000000f3310000, 0x0000000000000000)
  eden space 64512K, 3% used [0x00000000eaab0000,0x00000000eacb89e8,0x00000000ee9b0000)
  from space 5312K, 99% used [0x00000000ee9b0000,0x00000000eeed8028,0x00000000eeee0000)
  to   space 5312K, 0% used [0x00000000f2de0000,0x00000000f2de0000,0x00000000f3310000)
 ParOldGen       total 85760K, used 11071K [0x00000000c0000000, 0x00000000c53c0000, 0x00000000eaab0000)
  object space 85760K, 12% used [0x00000000c0000000,0x00000000c0acfed8,0x00000000c53c0000)
 PSPermGen       total 21248K, used 6578K [0x00000000bae00000, 0x00000000bc2c0000, 0x00000000c0000000)
  object space 21248K, 30% used [0x00000000bae00000,0x00000000bb46caf0,0x00000000bc2c0000)
GC Heap History (6 events):
Event: 2.145 GC heap before
{Heap before GC invocations=1 (full 0):
 PSYoungGen      total 37568K, used 32256K [0x00000000eaab0000, 0x00000000ed490000, 0x0000000000000000)
  eden space 32256K, 100% used [0x00000000eaab0000,0x00000000eca30000,0x00000000eca30000)
  from space 5312K, 0% used [0x00000000ecf60000,0x00000000ecf60000,0x00000000ed490000)
  to   space 5312K, 0% used [0x00000000eca30000,0x00000000eca30000,0x00000000ecf60000)
 ParOldGen       total 85760K, used 0K [0x00000000c0000000, 0x00000000c53c0000, 0x00000000eaab0000)
  object space 85760K, 0% used [0x00000000c0000000,0x00000000c0000000,0x00000000c53c0000)
 PSPermGen       total 21248K, used 5853K [0x00000000bae00000, 0x00000000bc2c0000, 0x00000000c0000000)
  object space 21248K, 27% used [0x00000000bae00000,0x00000000bb3b74e8,0x00000000bc2c0000)
Event: 2.319 GC heap after
Heap after GC invocations=1 (full 0):
 PSYoungGen      total 37568K, used 5291K [0x00000000eaab0000, 0x00000000ef410000, 0x0000000000000000)
  eden space 32256K, 0% used [0x00000000eaab0000,0x00000000eaab0000,0x00000000eca30000)
  from space 5312K, 99% used [0x00000000eca30000,0x00000000ecf5ae70,0x00000000ecf60000)
  to   space 5312K, 0% used [0x00000000eeee0000,0x00000000eeee0000,0x00000000ef410000)
 ParOldGen       total 85760K, used 784K [0x00000000c0000000, 0x00000000c53c0000, 0x00000000eaab0000)
  object space 85760K, 0% used [0x00000000c0000000,0x00000000c00c40f0,0x00000000c53c0000)
 PSPermGen       total 21248K, used 5853K [0x00000000bae00000, 0x00000000bc2c0000, 0x00000000c0000000)
  object space 21248K, 27% used [0x00000000bae00000,0x00000000bb3b74e8,0x00000000bc2c0000)
}
Event: 3.980 GC heap before
{Heap before GC invocations=2 (full 0):
 PSYoungGen      total 37568K, used 37547K [0x00000000eaab0000, 0x00000000ef410000, 0x0000000000000000)
  eden space 32256K, 100% used [0x00000000eaab0000,0x00000000eca30000,0x00000000eca30000)
  from space 5312K, 99% used [0x00000000eca30000,0x00000000ecf5ae70,0x00000000ecf60000)
  to   space 5312K, 0% used [0x00000000eeee0000,0x00000000eeee0000,0x00000000ef410000)
 ParOldGen       total 85760K, used 784K [0x00000000c0000000, 0x00000000c53c0000, 0x00000000eaab0000)
  object space 85760K, 0% used [0x00000000c0000000,0x00000000c00c40f0,0x00000000c53c0000)
 PSPermGen       total 21248K, used 6012K [0x00000000bae00000, 0x00000000bc2c0000, 0x00000000c0000000)
  object space 21248K, 28% used [0x00000000bae00000,0x00000000bb3df210,0x00000000bc2c0000)
Event: 3.993 GC heap after
Heap after GC invocations=2 (full 0):
 PSYoungGen      total 69824K, used 5295K [0x00000000eaab0000, 0x00000000ef410000, 0x0000000000000000)
  eden space 64512K, 0% used [0x00000000eaab0000,0x00000000eaab0000,0x00000000ee9b0000)
  from space 5312K, 99% used [0x00000000eeee0000,0x00000000ef40bc98,0x00000000ef410000)
  to   space 5312K, 0% used [0x00000000ee9b0000,0x00000000ee9b0000,0x00000000eeee0000)
 ParOldGen       total 85760K, used 4540K [0x00000000c0000000, 0x00000000c53c0000, 0x00000000eaab0000)
  object space 85760K, 5% used [0x00000000c0000000,0x00000000c046f068,0x00000000c53c0000)
 PSPermGen       total 21248K, used 6012K [0x00000000bae00000, 0x00000000bc2c0000, 0x00000000c0000000)
  object space 21248K, 28% used [0x00000000bae00000,0x00000000bb3df210,0x00000000bc2c0000)
}
Event: 12.128 GC heap before
{Heap before GC invocations=3 (full 0):
 PSYoungGen      total 69824K, used 69807K [0x00000000eaab0000, 0x00000000ef410000, 0x0000000000000000)
  eden space 64512K, 100% used [0x00000000eaab0000,0x00000000ee9b0000,0x00000000ee9b0000)
  from space 5312K, 99% used [0x00000000eeee0000,0x00000000ef40bc98,0x00000000ef410000)
  to   space 5312K, 0% used [0x00000000ee9b0000,0x00000000ee9b0000,0x00000000eeee0000)
 ParOldGen       total 85760K, used 4540K [0x00000000c0000000, 0x00000000c53c0000, 0x00000000eaab0000)
  object space 85760K, 5% used [0x00000000c0000000,0x00000000c046f068,0x00000000c53c0000)
 PSPermGen       total 21248K, used 6304K [0x00000000bae00000, 0x00000000bc2c0000, 0x00000000c0000000)
  object space 21248K, 29% used [0x00000000bae00000,0x00000000bb428340,0x00000000bc2c0000)
Event: 12.397 GC heap after
Heap after GC invocations=3 (full 0):
 PSYoungGen      total 69824K, used 5280K [0x00000000eaab0000, 0x00000000f3310000, 0x0000000000000000)
  eden space 64512K, 0% used [0x00000000eaab0000,0x00000000eaab0000,0x00000000ee9b0000)
  from space 5312K, 99% used [0x00000000ee9b0000,0x00000000eeed8028,0x00000000eeee0000)
  to   space 5312K, 0% used [0x00000000f2de0000,0x00000000f2de0000,0x00000000f3310000)
 ParOldGen       total 85760K, used 11071K [0x00000000c0000000, 0x00000000c53c0000, 0x00000000eaab0000)
  object space 85760K, 12% used [0x00000000c0000000,0x00000000c0acfed8,0x00000000c53c0000)
 PSPermGen       total 21248K, used 6304K [0x00000000bae00000, 0x00000000bc2c0000, 0x00000000c0000000)
  object space 21248K, 29% used [0x00000000bae00000,0x00000000bb428340,0x00000000bc2c0000)
}

