# JRE version: 7.0_04-b22
# Java VM: Java HotSpot(TM) 64-Bit Server VM (23.0-b21 mixed mode windows-amd64 compressed oops)
Heap
 PSYoungGen      total 134336K, used 64763K [0x00000000eaab0000, 0x00000000fde90000, 0x0000000000000000)
  eden space 129024K, 46% used [0x00000000eaab0000,0x00000000ee4c5160,0x00000000f28b0000)
  from space 5312K, 99% used [0x00000000f28b0000,0x00000000f2dd9cb8,0x00000000f2de0000)
  to   space 28608K, 0% used [0x00000000fc2a0000,0x00000000fc2a0000,0x00000000fde90000)
 ParOldGen       total 85760K, used 44498K [0x00000000c0000000, 0x00000000c53c0000, 0x00000000eaab0000)
  object space 85760K, 51% used [0x00000000c0000000,0x00000000c2b74a20,0x00000000c53c0000)
 PSPermGen       total 21248K, used 6192K [0x00000000bae00000, 0x00000000bc2c0000, 0x00000000c0000000)
  object space 21248K, 29% used [0x00000000bae00000,0x00000000bb40c1f0,0x00000000bc2c0000)
GC Heap History (10 events):
Event: 1.559 GC heap before
{Heap before GC invocations=1 (full 0):
 PSYoungGen      total 37568K, used 32256K [0x00000000eaab0000, 0x00000000ed490000, 0x0000000000000000)
  eden space 32256K, 100% used [0x00000000eaab0000,0x00000000eca30000,0x00000000eca30000)
  from space 5312K, 0% used [0x00000000ecf60000,0x00000000ecf60000,0x00000000ed490000)
  to   space 5312K, 0% used [0x00000000eca30000,0x00000000eca30000,0x00000000ecf60000)
 ParOldGen       total 85760K, used 0K [0x00000000c0000000, 0x00000000c53c0000, 0x00000000eaab0000)
  object space 85760K, 0% used [0x00000000c0000000,0x00000000c0000000,0x00000000c53c0000)
 PSPermGen       total 21248K, used 5820K [0x00000000bae00000, 0x00000000bc2c0000, 0x00000000c0000000)
  object space 21248K, 27% used [0x00000000bae00000,0x00000000bb3af338,0x00000000bc2c0000)
Event: 1.706 GC heap after
Heap after GC invocations=1 (full 0):
 PSYoungGen      total 37568K, used 5184K [0x00000000eaab0000, 0x00000000ef410000, 0x0000000000000000)
  eden space 32256K, 0% used [0x00000000eaab0000,0x00000000eaab0000,0x00000000eca30000)
  from space 5312K, 97% used [0x00000000eca30000,0x00000000ecf40140,0x00000000ecf60000)
  to   space 5312K, 0% used [0x00000000eeee0000,0x00000000eeee0000,0x00000000ef410000)
 ParOldGen       total 85760K, used 8K [0x00000000c0000000, 0x00000000c53c0000, 0x00000000eaab0000)
  object space 85760K, 0% used [0x00000000c0000000,0x00000000c0002000,0x00000000c53c0000)
 PSPermGen       total 21248K, used 5820K [0x00000000bae00000, 0x00000000bc2c0000, 0x00000000c0000000)
  object space 21248K, 27% used [0x00000000bae00000,0x00000000bb3af338,0x00000000bc2c0000)
}
Event: 4.238 GC heap before
{Heap before GC invocations=2 (full 0):
 PSYoungGen      total 37568K, used 37440K [0x00000000eaab0000, 0x00000000ef410000, 0x0000000000000000)
  eden space 32256K, 100% used [0x00000000eaab0000,0x00000000eca30000,0x00000000eca30000)
  from space 5312K, 97% used [0x00000000eca30000,0x00000000ecf40140,0x00000000ecf60000)
  to   space 5312K, 0% used [0x00000000eeee0000,0x00000000eeee0000,0x00000000ef410000)
 ParOldGen       total 85760K, used 8K [0x00000000c0000000, 0x00000000c53c0000, 0x00000000eaab0000)
  object space 85760K, 0% used [0x00000000c0000000,0x00000000c0002000,0x00000000c53c0000)
 PSPermGen       total 21248K, used 6000K [0x00000000bae00000, 0x00000000bc2c0000, 0x00000000c0000000)
  object space 21248K, 28% used [0x00000000bae00000,0x00000000bb3dc138,0x00000000bc2c0000)
Event: 4.254 GC heap after
Heap after GC invocations=2 (full 0):
 PSYoungGen      total 69824K, used 5285K [0x00000000eaab0000, 0x00000000ef410000, 0x0000000000000000)
  eden space 64512K, 0% used [0x00000000eaab0000,0x00000000eaab0000,0x00000000ee9b0000)
  from space 5312K, 99% used [0x00000000eeee0000,0x00000000ef4097f8,0x00000000ef410000)
  to   space 5312K, 0% used [0x00000000ee9b0000,0x00000000ee9b0000,0x00000000eeee0000)
 ParOldGen       total 85760K, used 3379K [0x00000000c0000000, 0x00000000c53c0000, 0x00000000eaab0000)
  object space 85760K, 3% used [0x00000000c0000000,0x00000000c034ce08,0x00000000c53c0000)
 PSPermGen       total 21248K, used 6000K [0x00000000bae00000, 0x00000000bc2c0000, 0x00000000c0000000)
  object space 21248K, 28% used [0x00000000bae00000,0x00000000bb3dc138,0x00000000bc2c0000)
}
Event: 7.237 GC heap before
{Heap before GC invocations=3 (full 0):
 PSYoungGen      total 69824K, used 69797K [0x00000000eaab0000, 0x00000000ef410000, 0x0000000000000000)
  eden space 64512K, 100% used [0x00000000eaab0000,0x00000000ee9b0000,0x00000000ee9b0000)
  from space 5312K, 99% used [0x00000000eeee0000,0x00000000ef4097f8,0x00000000ef410000)
  to   space 5312K, 0% used [0x00000000ee9b0000,0x00000000ee9b0000,0x00000000eeee0000)
 ParOldGen       total 85760K, used 3379K [0x00000000c0000000, 0x00000000c53c0000, 0x00000000eaab0000)
  object space 85760K, 3% used [0x00000000c0000000,0x00000000c034ce08,0x00000000c53c0000)
 PSPermGen       total 21248K, used 6061K [0x00000000bae00000, 0x00000000bc2c0000, 0x00000000c0000000)
  object space 21248K, 28% used [0x00000000bae00000,0x00000000bb3eb5c8,0x00000000bc2c0000)
Event: 7.423 GC heap after
Heap after GC invocations=3 (full 0):
 PSYoungGen      total 69824K, used 5289K [0x00000000eaab0000, 0x00000000f3310000, 0x0000000000000000)
  eden space 64512K, 0% used [0x00000000eaab0000,0x00000000eaab0000,0x00000000ee9b0000)
  from space 5312K, 99% used [0x00000000ee9b0000,0x00000000eeeda718,0x00000000eeee0000)
  to   space 5312K, 0% used [0x00000000f2de0000,0x00000000f2de0000,0x00000000f3310000)
 ParOldGen       total 85760K, used 12537K [0x00000000c0000000, 0x00000000c53c0000, 0x00000000eaab0000)
  object space 85760K, 14% used [0x00000000c0000000,0x00000000c0c3e4b8,0x00000000c53c0000)
 PSPermGen       total 21248K, used 6061K [0x00000000bae00000, 0x00000000bc2c0000, 0x00000000c0000000)
  object space 21248K, 28% used [0x00000000bae00000,0x00000000bb3eb5c8,0x00000000bc2c0000)
}
Event: 8.770 GC heap before
{Heap before GC invocations=4 (full 0):
 PSYoungGen      total 69824K, used 69801K [0x00000000eaab0000, 0x00000000f3310000, 0x0000000000000000)
  eden space 64512K, 100% used [0x00000000eaab0000,0x00000000ee9b0000,0x00000000ee9b0000)
  from space 5312K, 99% used [0x00000000ee9b0000,0x00000000eeeda718,0x00000000eeee0000)
  to   space 5312K, 0% used [0x00000000f2de0000,0x00000000f2de0000,0x00000000f3310000)
 ParOldGen       total 85760K, used 12537K [0x00000000c0000000, 0x00000000c53c0000, 0x00000000eaab0000)
  object space 85760K, 14% used [0x00000000c0000000,0x00000000c0c3e4b8,0x00000000c53c0000)
 PSPermGen       total 21248K, used 6102K [0x00000000bae00000, 0x00000000bc2c0000, 0x00000000c0000000)
  object space 21248K, 28% used [0x00000000bae00000,0x00000000bb3f5a90,0x00000000bc2c0000)
Event: 8.796 GC heap after
Heap after GC invocations=4 (full 0):
 PSYoungGen      total 134336K, used 5302K [0x00000000eaab0000, 0x00000000f3310000, 0x0000000000000000)
  eden space 129024K, 0% used [0x00000000eaab0000,0x00000000eaab0000,0x00000000f28b0000)
  from space 5312K, 99% used [0x00000000f2de0000,0x00000000f330d9c8,0x00000000f3310000)
  to   space 5312K, 0% used [0x00000000f28b0000,0x00000000f28b0000,0x00000000f2de0000)
 ParOldGen       total 85760K, used 23218K [0x00000000c0000000, 0x00000000c53c0000, 0x00000000eaab0000)
  object space 85760K, 27% used [0x00000000c0000000,0x00000000c16ac9f8,0x00000000c53c0000)
 PSPermGen       total 21248K, used 6102K [0x00000000bae00000, 0x00000000bc2c0000, 0x00000000c0000000)
  object space 21248K, 28% used [0x00000000bae00000,0x00000000bb3f5a90,0x00000000bc2c0000)
}
Event: 12.391 GC heap before
{Heap before GC invocations=5 (full 0):
 PSYoungGen      total 134336K, used 134326K [0x00000000eaab0000, 0x00000000f3310000, 0x0000000000000000)
  eden space 129024K, 100% used [0x00000000eaab0000,0x00000000f28b0000,0x00000000f28b0000)
  from space 5312K, 99% used [0x00000000f2de0000,0x00000000f330d9c8,0x00000000f3310000)
  to   space 5312K, 0% used [0x00000000f28b0000,0x00000000f28b0000,0x00000000f2de0000)
 ParOldGen       total 85760K, used 23218K [0x00000000c0000000, 0x00000000c53c0000, 0x00000000eaab0000)
  object space 85760K, 27% used [0x00000000c0000000,0x00000000c16ac9f8,0x00000000c53c0000)
 PSPermGen       total 21248K, used 6155K [0x00000000bae00000, 0x00000000bc2c0000, 0x00000000c0000000)
  object space 21248K, 28% used [0x00000000bae00000,0x00000000bb402d30,0x00000000bc2c0000)
Event: 12.725 GC heap after
Heap after GC invocations=5 (full 0):
 PSYoungGen      total 134336K, used 5287K [0x00000000eaab0000, 0x00000000fde90000, 0x0000000000000000)
  eden space 129024K, 0% used [0x00000000eaab0000,0x00000000eaab0000,0x00000000f28b0000)
  from space 5312K, 99% used [0x00000000f28b0000,0x00000000f2dd9cb8,0x00000000f2de0000)
  to   space 28608K, 0% used [0x00000000fc2a0000,0x00000000fc2a0000,0x00000000fde90000)
 ParOldGen       total 85760K, used 44498K [0x00000000c0000000, 0x00000000c53c0000, 0x00000000eaab0000)
  object space 85760K, 51% used [0x00000000c0000000,0x00000000c2b74a20,0x00000000c53c0000)
 PSPermGen       total 21248K, used 6155K [0x00000000bae00000, 0x00000000bc2c0000, 0x00000000c0000000)
  object space 21248K, 28% used [0x00000000bae00000,0x00000000bb402d30,0x00000000bc2c0000)
}

